<?xml version="1.0" encoding="UTF-8"?>
<!-- Generated by org.testng.reporters.JUnitReportReporter -->
<testsuite hostname="DESKTOP-L48DKLF" failures="0" tests="1" name="test.MenuVaildationTest" time="106.845" errors="0" timestamp="2024-06-08T22:18:02 IST" skipped="0">
  <testcase classname="test.MenuVaildationTest" name="validateMenu" time="106.845"/>
</testsuite> <!-- test.MenuVaildationTest -->
