<?xml version="1.0" encoding="UTF-8"?>
<!-- Generated by org.testng.reporters.JUnitReportReporter -->
<testsuite hostname="DESKTOP-L48DKLF" failures="0" tests="3" name="ecommerce.capstoneProj1.BottomLinksTest" time="243.724" errors="0" timestamp="2024-06-02T12:14:15 IST" skipped="0">
  <testcase classname="ecommerce.capstoneProj1.BottomLinksTest" name="launchSite" time="1.890"/>
  <testcase classname="ecommerce.capstoneProj1.BottomLinksTest" name="selectCountryUS" time="24.736"/>
  <testcase classname="ecommerce.capstoneProj1.BottomLinksTest" name="bottomLinkValidation" time="217.098"/>
</testsuite> <!-- ecommerce.capstoneProj1.BottomLinksTest -->
