<?xml version="1.0" encoding="UTF-8"?>
<!-- Generated by org.testng.reporters.JUnitReportReporter -->
<testsuite hostname="DESKTOP-L48DKLF" failures="0" tests="1" name="test.AccountCreationTest" time="204.784" errors="0" timestamp="2024-06-13T20:36:20 IST" skipped="0">
  <testcase classname="test.AccountCreationTest" name="createAccount_InValidCred" time="204.784"/>
</testsuite> <!-- test.AccountCreationTest -->
