<?xml version="1.0" encoding="UTF-8"?>
<!-- Generated by org.testng.reporters.JUnitReportReporter -->
<testsuite hostname="DESKTOP-L48DKLF" failures="0" tests="1" name="test.ProductSearchTest" time="70.367" errors="0" timestamp="2024-06-08T23:34:47 IST" skipped="0">
  <testcase classname="test.ProductSearchTest" name="searchProduct" time="70.367"/>
</testsuite> <!-- test.ProductSearchTest -->
