<?xml version="1.0" encoding="UTF-8"?>
<!-- Generated by org.testng.reporters.JUnitReportReporter -->
<testsuite hostname="DESKTOP-L48DKLF" failures="0" tests="1" name="test.ByBrandSelectionTest" time="79.411" errors="0" timestamp="2024-06-10T14:23:49 IST" skipped="0">
  <testcase classname="test.ByBrandSelectionTest" name="selectByBrand" time="79.411"/>
</testsuite> <!-- test.ByBrandSelectionTest -->
