<?xml version="1.0" encoding="UTF-8"?>
<!-- Generated by org.testng.reporters.JUnitReportReporter -->
<testsuite hostname="DESKTOP-L48DKLF" failures="0" tests="1" name="test.SignInTest" time="43.231" errors="0" timestamp="2024-06-08T22:08:22 IST" skipped="0">
  <testcase classname="test.SignInTest" name="selectSignInTab" time="43.231"/>
</testsuite> <!-- test.SignInTest -->
