<?xml version="1.0" encoding="UTF-8"?>
<!-- Generated by org.testng.reporters.JUnitReportReporter -->
<testsuite hostname="DESKTOP-L48DKLF" failures="0" tests="1" name="test.ByDepartmentSelectionTest" time="83.632" errors="0" timestamp="2024-06-10T14:06:28 IST" skipped="0">
  <testcase classname="test.ByDepartmentSelectionTest" name="selectByDept" time="83.632"/>
</testsuite> <!-- test.ByDepartmentSelectionTest -->
