<?xml version="1.0" encoding="UTF-8"?>
<!-- Generated by org.testng.reporters.JUnitReportReporter -->
<testsuite hostname="DESKTOP-L48DKLF" failures="0" tests="3" name="ecommerce.capstoneProj1.MenuNavigationTest" time="90.227" errors="0" timestamp="2024-06-01T17:55:55 IST" skipped="0">
  <testcase classname="ecommerce.capstoneProj1.MenuNavigationTest" name="launchSite" time="3.165"/>
  <testcase classname="ecommerce.capstoneProj1.MenuNavigationTest" name="selectCountryUS" time="26.989"/>
  <testcase classname="ecommerce.capstoneProj1.MenuNavigationTest" name="validateMenu" time="60.073"/>
</testsuite> <!-- ecommerce.capstoneProj1.MenuNavigationTest -->
