<?xml version="1.0" encoding="UTF-8"?>
<!-- Generated by org.testng.reporters.JUnitReportReporter -->
<testsuite hostname="DESKTOP-L48DKLF" failures="0" tests="1" name="test.BottomLinksTest" time="114.175" errors="0" timestamp="2024-06-13T13:20:18 IST" skipped="0">
  <testcase classname="test.BottomLinksTest" name="bottomLinkValidation" time="114.175"/>
</testsuite> <!-- test.BottomLinksTest -->
