<?xml version="1.0" encoding="UTF-8"?>
<!-- Generated by org.testng.reporters.JUnitReportReporter -->
<testsuite hostname="DESKTOP-L48DKLF" failures="0" tests="3" name="test.ProductSearchAndFilterTest" time="248.705" errors="0" timestamp="2024-06-12T23:57:03 IST" skipped="0">
  <testcase classname="test.ProductSearchAndFilterTest" name="searchProduct" time="99.822"/>
  <testcase classname="test.ProductSearchAndFilterTest" name="searchProduct" time="83.100"/>
  <testcase classname="test.ProductSearchAndFilterTest" name="filterSearchResults" time="65.783"/>
</testsuite> <!-- test.ProductSearchAndFilterTest -->
